2022-12-11 13:23:15.636 -05:00 [DBG] Hosting starting
2022-12-11 13:23:15.678 -05:00 [INF] User profile is available. Using '/home/todd/.aspnet/DataProtection-Keys' as key repository; keys will not be encrypted at rest.
2022-12-11 13:23:15.708 -05:00 [DBG] Reading data from file '/home/todd/.aspnet/DataProtection-Keys/key-ebe092a9-73fc-4a7a-8f3c-45fa88f2192c.xml'.
2022-12-11 13:23:15.715 -05:00 [DBG] Found key {ebe092a9-73fc-4a7a-8f3c-45fa88f2192c}.
2022-12-11 13:23:15.725 -05:00 [DBG] Considering key {ebe092a9-73fc-4a7a-8f3c-45fa88f2192c} with expiration date 2023-03-11 13:26:51Z as default key.
2022-12-11 13:23:15.727 -05:00 [DBG] Forwarded activator type request from Microsoft.AspNetCore.DataProtection.AuthenticatedEncryption.ConfigurationModel.AuthenticatedEncryptorDescriptorDeserializer, Microsoft.AspNetCore.DataProtection, Version=6.0.0.0, Culture=neutral, PublicKeyToken=adb9793829ddae60 to Microsoft.AspNetCore.DataProtection.AuthenticatedEncryption.ConfigurationModel.AuthenticatedEncryptorDescriptorDeserializer, Microsoft.AspNetCore.DataProtection, Culture=neutral, PublicKeyToken=adb9793829ddae60
2022-12-11 13:23:15.738 -05:00 [DBG] Using managed symmetric algorithm 'System.Security.Cryptography.Aes'.
2022-12-11 13:23:15.738 -05:00 [DBG] Using managed keyed hash algorithm 'System.Security.Cryptography.HMACSHA256'.
2022-12-11 13:23:15.744 -05:00 [DBG] Using key {ebe092a9-73fc-4a7a-8f3c-45fa88f2192c} as the default key.
2022-12-11 13:23:15.745 -05:00 [DBG] Key ring with default key {ebe092a9-73fc-4a7a-8f3c-45fa88f2192c} was loaded during application startup.
2022-12-11 13:23:15.834 -05:00 [DBG] Registered model binder providers, in the following order: ["Microsoft.AspNetCore.Mvc.ModelBinding.Binders.BinderTypeModelBinderProvider","Microsoft.AspNetCore.Mvc.ModelBinding.Binders.ServicesModelBinderProvider","Microsoft.AspNetCore.Mvc.ModelBinding.Binders.BodyModelBinderProvider","Microsoft.AspNetCore.Mvc.ModelBinding.Binders.HeaderModelBinderProvider","Microsoft.AspNetCore.Mvc.ModelBinding.Binders.FloatingPointTypeModelBinderProvider","Microsoft.AspNetCore.Mvc.ModelBinding.Binders.EnumTypeModelBinderProvider","Microsoft.AspNetCore.Mvc.ModelBinding.Binders.DateTimeModelBinderProvider","Microsoft.AspNetCore.Mvc.ModelBinding.Binders.SimpleTypeModelBinderProvider","Microsoft.AspNetCore.Mvc.ModelBinding.Binders.CancellationTokenModelBinderProvider","Microsoft.AspNetCore.Mvc.ModelBinding.Binders.ByteArrayModelBinderProvider"]
2022-12-11 13:23:15.958 -05:00 [INF] Now listening on: http://[::]:5001
2022-12-11 13:23:15.958 -05:00 [DBG] Loaded hosting startup assembly isz.lockbox.service
2022-12-11 13:23:15.958 -05:00 [INF] Application started. Press Ctrl+C to shut down.
2022-12-11 13:23:15.959 -05:00 [INF] Hosting environment: DEV
2022-12-11 13:23:15.959 -05:00 [INF] Content root path: /home/todd/projects/isz-lockbox-service
2022-12-11 13:23:15.959 -05:00 [DBG] Hosting started
2022-12-11 13:27:57.978 -05:00 [DBG] Hosting starting
2022-12-11 13:27:58.020 -05:00 [INF] User profile is available. Using '/home/todd/.aspnet/DataProtection-Keys' as key repository; keys will not be encrypted at rest.
2022-12-11 13:27:58.054 -05:00 [DBG] Reading data from file '/home/todd/.aspnet/DataProtection-Keys/key-ebe092a9-73fc-4a7a-8f3c-45fa88f2192c.xml'.
2022-12-11 13:27:58.062 -05:00 [DBG] Found key {ebe092a9-73fc-4a7a-8f3c-45fa88f2192c}.
2022-12-11 13:27:58.072 -05:00 [DBG] Considering key {ebe092a9-73fc-4a7a-8f3c-45fa88f2192c} with expiration date 2023-03-11 13:26:51Z as default key.
2022-12-11 13:27:58.074 -05:00 [DBG] Forwarded activator type request from Microsoft.AspNetCore.DataProtection.AuthenticatedEncryption.ConfigurationModel.AuthenticatedEncryptorDescriptorDeserializer, Microsoft.AspNetCore.DataProtection, Version=6.0.0.0, Culture=neutral, PublicKeyToken=adb9793829ddae60 to Microsoft.AspNetCore.DataProtection.AuthenticatedEncryption.ConfigurationModel.AuthenticatedEncryptorDescriptorDeserializer, Microsoft.AspNetCore.DataProtection, Culture=neutral, PublicKeyToken=adb9793829ddae60
2022-12-11 13:27:58.090 -05:00 [DBG] Using managed symmetric algorithm 'System.Security.Cryptography.Aes'.
2022-12-11 13:27:58.090 -05:00 [DBG] Using managed keyed hash algorithm 'System.Security.Cryptography.HMACSHA256'.
2022-12-11 13:27:58.096 -05:00 [DBG] Using key {ebe092a9-73fc-4a7a-8f3c-45fa88f2192c} as the default key.
2022-12-11 13:27:58.097 -05:00 [DBG] Key ring with default key {ebe092a9-73fc-4a7a-8f3c-45fa88f2192c} was loaded during application startup.
2022-12-11 13:27:58.188 -05:00 [DBG] Registered model binder providers, in the following order: ["Microsoft.AspNetCore.Mvc.ModelBinding.Binders.BinderTypeModelBinderProvider","Microsoft.AspNetCore.Mvc.ModelBinding.Binders.ServicesModelBinderProvider","Microsoft.AspNetCore.Mvc.ModelBinding.Binders.BodyModelBinderProvider","Microsoft.AspNetCore.Mvc.ModelBinding.Binders.HeaderModelBinderProvider","Microsoft.AspNetCore.Mvc.ModelBinding.Binders.FloatingPointTypeModelBinderProvider","Microsoft.AspNetCore.Mvc.ModelBinding.Binders.EnumTypeModelBinderProvider","Microsoft.AspNetCore.Mvc.ModelBinding.Binders.DateTimeModelBinderProvider","Microsoft.AspNetCore.Mvc.ModelBinding.Binders.SimpleTypeModelBinderProvider","Microsoft.AspNetCore.Mvc.ModelBinding.Binders.CancellationTokenModelBinderProvider","Microsoft.AspNetCore.Mvc.ModelBinding.Binders.ByteArrayModelBinderProvider"]
2022-12-11 13:28:12.307 -05:00 [DBG] Hosting starting
2022-12-11 13:28:12.346 -05:00 [INF] User profile is available. Using '/home/todd/.aspnet/DataProtection-Keys' as key repository; keys will not be encrypted at rest.
2022-12-11 13:28:12.378 -05:00 [DBG] Reading data from file '/home/todd/.aspnet/DataProtection-Keys/key-ebe092a9-73fc-4a7a-8f3c-45fa88f2192c.xml'.
2022-12-11 13:28:12.385 -05:00 [DBG] Found key {ebe092a9-73fc-4a7a-8f3c-45fa88f2192c}.
2022-12-11 13:28:12.395 -05:00 [DBG] Considering key {ebe092a9-73fc-4a7a-8f3c-45fa88f2192c} with expiration date 2023-03-11 13:26:51Z as default key.
2022-12-11 13:28:12.397 -05:00 [DBG] Forwarded activator type request from Microsoft.AspNetCore.DataProtection.AuthenticatedEncryption.ConfigurationModel.AuthenticatedEncryptorDescriptorDeserializer, Microsoft.AspNetCore.DataProtection, Version=6.0.0.0, Culture=neutral, PublicKeyToken=adb9793829ddae60 to Microsoft.AspNetCore.DataProtection.AuthenticatedEncryption.ConfigurationModel.AuthenticatedEncryptorDescriptorDeserializer, Microsoft.AspNetCore.DataProtection, Culture=neutral, PublicKeyToken=adb9793829ddae60
2022-12-11 13:28:12.407 -05:00 [DBG] Using managed symmetric algorithm 'System.Security.Cryptography.Aes'.
2022-12-11 13:28:12.408 -05:00 [DBG] Using managed keyed hash algorithm 'System.Security.Cryptography.HMACSHA256'.
2022-12-11 13:28:12.413 -05:00 [DBG] Using key {ebe092a9-73fc-4a7a-8f3c-45fa88f2192c} as the default key.
2022-12-11 13:28:12.414 -05:00 [DBG] Key ring with default key {ebe092a9-73fc-4a7a-8f3c-45fa88f2192c} was loaded during application startup.
2022-12-11 13:28:12.502 -05:00 [DBG] Registered model binder providers, in the following order: ["Microsoft.AspNetCore.Mvc.ModelBinding.Binders.BinderTypeModelBinderProvider","Microsoft.AspNetCore.Mvc.ModelBinding.Binders.ServicesModelBinderProvider","Microsoft.AspNetCore.Mvc.ModelBinding.Binders.BodyModelBinderProvider","Microsoft.AspNetCore.Mvc.ModelBinding.Binders.HeaderModelBinderProvider","Microsoft.AspNetCore.Mvc.ModelBinding.Binders.FloatingPointTypeModelBinderProvider","Microsoft.AspNetCore.Mvc.ModelBinding.Binders.EnumTypeModelBinderProvider","Microsoft.AspNetCore.Mvc.ModelBinding.Binders.DateTimeModelBinderProvider","Microsoft.AspNetCore.Mvc.ModelBinding.Binders.SimpleTypeModelBinderProvider","Microsoft.AspNetCore.Mvc.ModelBinding.Binders.CancellationTokenModelBinderProvider","Microsoft.AspNetCore.Mvc.ModelBinding.Binders.ByteArrayModelBinderProvider"]
2022-12-11 13:28:26.618 -05:00 [DBG] Hosting starting
2022-12-11 13:28:26.658 -05:00 [INF] User profile is available. Using '/home/todd/.aspnet/DataProtection-Keys' as key repository; keys will not be encrypted at rest.
2022-12-11 13:28:26.690 -05:00 [DBG] Reading data from file '/home/todd/.aspnet/DataProtection-Keys/key-ebe092a9-73fc-4a7a-8f3c-45fa88f2192c.xml'.
2022-12-11 13:28:26.699 -05:00 [DBG] Found key {ebe092a9-73fc-4a7a-8f3c-45fa88f2192c}.
2022-12-11 13:28:26.709 -05:00 [DBG] Considering key {ebe092a9-73fc-4a7a-8f3c-45fa88f2192c} with expiration date 2023-03-11 13:26:51Z as default key.
2022-12-11 13:28:26.711 -05:00 [DBG] Forwarded activator type request from Microsoft.AspNetCore.DataProtection.AuthenticatedEncryption.ConfigurationModel.AuthenticatedEncryptorDescriptorDeserializer, Microsoft.AspNetCore.DataProtection, Version=6.0.0.0, Culture=neutral, PublicKeyToken=adb9793829ddae60 to Microsoft.AspNetCore.DataProtection.AuthenticatedEncryption.ConfigurationModel.AuthenticatedEncryptorDescriptorDeserializer, Microsoft.AspNetCore.DataProtection, Culture=neutral, PublicKeyToken=adb9793829ddae60
2022-12-11 13:28:26.722 -05:00 [DBG] Using managed symmetric algorithm 'System.Security.Cryptography.Aes'.
2022-12-11 13:28:26.722 -05:00 [DBG] Using managed keyed hash algorithm 'System.Security.Cryptography.HMACSHA256'.
2022-12-11 13:28:26.729 -05:00 [DBG] Using key {ebe092a9-73fc-4a7a-8f3c-45fa88f2192c} as the default key.
2022-12-11 13:28:26.730 -05:00 [DBG] Key ring with default key {ebe092a9-73fc-4a7a-8f3c-45fa88f2192c} was loaded during application startup.
2022-12-11 13:28:26.822 -05:00 [DBG] Registered model binder providers, in the following order: ["Microsoft.AspNetCore.Mvc.ModelBinding.Binders.BinderTypeModelBinderProvider","Microsoft.AspNetCore.Mvc.ModelBinding.Binders.ServicesModelBinderProvider","Microsoft.AspNetCore.Mvc.ModelBinding.Binders.BodyModelBinderProvider","Microsoft.AspNetCore.Mvc.ModelBinding.Binders.HeaderModelBinderProvider","Microsoft.AspNetCore.Mvc.ModelBinding.Binders.FloatingPointTypeModelBinderProvider","Microsoft.AspNetCore.Mvc.ModelBinding.Binders.EnumTypeModelBinderProvider","Microsoft.AspNetCore.Mvc.ModelBinding.Binders.DateTimeModelBinderProvider","Microsoft.AspNetCore.Mvc.ModelBinding.Binders.SimpleTypeModelBinderProvider","Microsoft.AspNetCore.Mvc.ModelBinding.Binders.CancellationTokenModelBinderProvider","Microsoft.AspNetCore.Mvc.ModelBinding.Binders.ByteArrayModelBinderProvider"]
2022-12-11 13:29:03.545 -05:00 [DBG] Hosting starting
2022-12-11 13:29:03.614 -05:00 [INF] User profile is available. Using '/home/todd/.aspnet/DataProtection-Keys' as key repository; keys will not be encrypted at rest.
2022-12-11 13:29:03.650 -05:00 [DBG] Reading data from file '/home/todd/.aspnet/DataProtection-Keys/key-ebe092a9-73fc-4a7a-8f3c-45fa88f2192c.xml'.
2022-12-11 13:29:03.660 -05:00 [DBG] Found key {ebe092a9-73fc-4a7a-8f3c-45fa88f2192c}.
2022-12-11 13:29:03.676 -05:00 [DBG] Considering key {ebe092a9-73fc-4a7a-8f3c-45fa88f2192c} with expiration date 2023-03-11 13:26:51Z as default key.
2022-12-11 13:29:03.679 -05:00 [DBG] Forwarded activator type request from Microsoft.AspNetCore.DataProtection.AuthenticatedEncryption.ConfigurationModel.AuthenticatedEncryptorDescriptorDeserializer, Microsoft.AspNetCore.DataProtection, Version=6.0.0.0, Culture=neutral, PublicKeyToken=adb9793829ddae60 to Microsoft.AspNetCore.DataProtection.AuthenticatedEncryption.ConfigurationModel.AuthenticatedEncryptorDescriptorDeserializer, Microsoft.AspNetCore.DataProtection, Culture=neutral, PublicKeyToken=adb9793829ddae60
2022-12-11 13:29:03.699 -05:00 [DBG] Using managed symmetric algorithm 'System.Security.Cryptography.Aes'.
2022-12-11 13:29:03.699 -05:00 [DBG] Using managed keyed hash algorithm 'System.Security.Cryptography.HMACSHA256'.
2022-12-11 13:29:03.707 -05:00 [DBG] Using key {ebe092a9-73fc-4a7a-8f3c-45fa88f2192c} as the default key.
2022-12-11 13:29:03.708 -05:00 [DBG] Key ring with default key {ebe092a9-73fc-4a7a-8f3c-45fa88f2192c} was loaded during application startup.
2022-12-11 13:29:03.821 -05:00 [DBG] Registered model binder providers, in the following order: ["Microsoft.AspNetCore.Mvc.ModelBinding.Binders.BinderTypeModelBinderProvider","Microsoft.AspNetCore.Mvc.ModelBinding.Binders.ServicesModelBinderProvider","Microsoft.AspNetCore.Mvc.ModelBinding.Binders.BodyModelBinderProvider","Microsoft.AspNetCore.Mvc.ModelBinding.Binders.HeaderModelBinderProvider","Microsoft.AspNetCore.Mvc.ModelBinding.Binders.FloatingPointTypeModelBinderProvider","Microsoft.AspNetCore.Mvc.ModelBinding.Binders.EnumTypeModelBinderProvider","Microsoft.AspNetCore.Mvc.ModelBinding.Binders.DateTimeModelBinderProvider","Microsoft.AspNetCore.Mvc.ModelBinding.Binders.SimpleTypeModelBinderProvider","Microsoft.AspNetCore.Mvc.ModelBinding.Binders.CancellationTokenModelBinderProvider","Microsoft.AspNetCore.Mvc.ModelBinding.Binders.ByteArrayModelBinderProvider"]
2022-12-11 13:29:04.033 -05:00 [INF] Now listening on: http://[::]:5001
2022-12-11 13:29:04.033 -05:00 [DBG] Loaded hosting startup assembly isz.lockbox.service
2022-12-11 13:29:04.033 -05:00 [INF] Application started. Press Ctrl+C to shut down.
2022-12-11 13:29:04.034 -05:00 [INF] Hosting environment: DEV
2022-12-11 13:29:04.034 -05:00 [INF] Content root path: /home/todd/projects/isz-lockbox-service
2022-12-11 13:29:04.034 -05:00 [DBG] Hosting started
2022-12-11 13:29:11.858 -05:00 [DBG] Connection id "0HMMRKMCOPPN4" received FIN.
2022-12-11 13:29:11.869 -05:00 [DBG] Connection id "0HMMRKMCOPPN4" accepted.
2022-12-11 13:29:11.871 -05:00 [DBG] Connection id "0HMMRKMCOPPN4" started.
2022-12-11 13:29:11.903 -05:00 [DBG] Connection id "0HMMRKMCOPPN5" accepted.
2022-12-11 13:29:11.903 -05:00 [DBG] Connection id "0HMMRKMCOPPN5" started.
2022-12-11 13:29:11.918 -05:00 [DBG] Connection id "0HMMRKMCOPPN4" sending FIN because: "The client closed the connection."
2022-12-11 13:29:11.929 -05:00 [DBG] Connection id "0HMMRKMCOPPN4" disconnecting.
2022-12-11 13:29:11.932 -05:00 [DBG] Connection id "0HMMRKMCOPPN4" stopped.
2022-12-11 13:29:11.968 -05:00 [INF] Request starting HTTP/1.1 GET http://localhost:5001/lockbox/lockboxes - -
2022-12-11 13:29:11.974 -05:00 [DBG] Wildcard detected, all requests with hosts will be allowed.
2022-12-11 13:29:11.981 -05:00 [DBG] The request path /lockbox/lockboxes does not match a supported file type
2022-12-11 13:29:12.031 -05:00 [DBG] 2 candidate(s) found for the request path '/lockbox/lockboxes'
2022-12-11 13:29:12.035 -05:00 [DBG] Endpoint 'isz.lockbox.service.Controllers.LockboxController.GetLocboxes (isz.lockbox.service)' with route pattern 'Lockbox/lockboxes' is valid for the request path '/lockbox/lockboxes'
2022-12-11 13:29:12.036 -05:00 [DBG] Endpoint 'isz.lockbox.service.Controllers.LockboxController.GetLocbox (isz.lockbox.service)' with route pattern 'Lockbox/{lockboxId}' is valid for the request path '/lockbox/lockboxes'
2022-12-11 13:29:12.037 -05:00 [DBG] Request matched endpoint 'isz.lockbox.service.Controllers.LockboxController.GetLocboxes (isz.lockbox.service)'
2022-12-11 13:29:12.144 -05:00 [DBG] AuthenticationScheme: Cookies was not authenticated.
2022-12-11 13:29:12.148 -05:00 [INF] Executing endpoint 'isz.lockbox.service.Controllers.LockboxController.GetLocboxes (isz.lockbox.service)'
2022-12-11 13:29:12.168 -05:00 [INF] Route matched with {action = "GetLocboxes", controller = "Lockbox"}. Executing controller action with signature System.Threading.Tasks.Task`1[Microsoft.AspNetCore.Mvc.ActionResult] GetLocboxes() on controller isz.lockbox.service.Controllers.LockboxController (isz.lockbox.service).
2022-12-11 13:29:12.170 -05:00 [DBG] Execution plan of authorization filters (in the following order): ["None"]
2022-12-11 13:29:12.170 -05:00 [DBG] Execution plan of resource filters (in the following order): ["None"]
2022-12-11 13:29:12.171 -05:00 [DBG] Execution plan of action filters (in the following order): ["Microsoft.AspNetCore.Mvc.ModelBinding.UnsupportedContentTypeFilter (Order: -3000)","Microsoft.AspNetCore.Mvc.Infrastructure.ModelStateInvalidFilter (Order: -2000)"]
2022-12-11 13:29:12.171 -05:00 [DBG] Execution plan of exception filters (in the following order): ["None"]
2022-12-11 13:29:12.172 -05:00 [DBG] Execution plan of result filters (in the following order): ["Microsoft.AspNetCore.Mvc.Infrastructure.ClientErrorResultFilter (Order: -2000)"]
2022-12-11 13:29:12.173 -05:00 [DBG] Executing controller factory for controller isz.lockbox.service.Controllers.LockboxController (isz.lockbox.service)
2022-12-11 13:29:12.235 -05:00 [DBG] Executed controller factory for controller isz.lockbox.service.Controllers.LockboxController (isz.lockbox.service)
2022-12-11 13:29:12.238 -05:00 [INF] GetLocboxes
2022-12-11 13:29:14.307 -05:00 [DBG] List of registered output formatters, in the following order: ["Microsoft.AspNetCore.Mvc.Formatters.HttpNoContentOutputFormatter","Microsoft.AspNetCore.Mvc.Formatters.StringOutputFormatter","Microsoft.AspNetCore.Mvc.Formatters.StreamOutputFormatter","Microsoft.AspNetCore.Mvc.Formatters.SystemTextJsonOutputFormatter"]
2022-12-11 13:29:14.309 -05:00 [DBG] No information found on request to perform content negotiation.
2022-12-11 13:29:14.309 -05:00 [DBG] Attempting to select an output formatter without using a content type as no explicit content types were specified for the response.
2022-12-11 13:29:14.310 -05:00 [DBG] Attempting to select the first formatter in the output formatters list which can write the result.
2022-12-11 13:29:14.311 -05:00 [DBG] Selected output formatter 'Microsoft.AspNetCore.Mvc.Formatters.SystemTextJsonOutputFormatter' and content type 'application/json' to write the response.
2022-12-11 13:29:14.312 -05:00 [INF] Executing OkObjectResult, writing value of type 'Amazon.DynamoDBv2.DataModel.DynamoDBContext+<FromDocuments>d__46`1[[isz.lockbox.service.Models.Lockbox, isz.lockbox.service, Version=1.0.0.0, Culture=neutral, PublicKeyToken=null]]'.
2022-12-11 13:29:14.363 -05:00 [INF] Executed action isz.lockbox.service.Controllers.LockboxController.GetLocboxes (isz.lockbox.service) in 2186.3948ms
2022-12-11 13:29:14.364 -05:00 [INF] Executed endpoint 'isz.lockbox.service.Controllers.LockboxController.GetLocboxes (isz.lockbox.service)'
2022-12-11 13:29:14.367 -05:00 [DBG] Connection id "0HMMRKMCOPPN5" completed keep alive response.
2022-12-11 13:29:14.369 -05:00 [INF] Request finished HTTP/1.1 GET http://localhost:5001/lockbox/lockboxes - - - 200 - application/json;+charset=utf-8 2406.7536ms
